2025-10-06 12:10:15,367 - ERROR - [MainThread] - Không tìm thấy tài khoản hợp lệ trong accounts.txt
2025-10-06 12:10:15,369 - ERROR - [MainThread] - Lỗi khi tải file đầu vào: ValueError('Không có tài khoản để xử lý')
2025-10-06 12:10:15,369 - ERROR - [MainThread] - Lỗi trong hàm main: ValueError('Không có tài khoản để xử lý')
2025-10-06 12:10:15,369 - WARNING - [MainThread] - Đang dọn dẹp drivers...
2025-10-06 12:10:15,369 - WARNING - [MainThread] - Đang dọn dẹp drivers...
2025-10-06 12:10:49,156 - INFO - [MainThread] - Đã tải 13 tài khoản và 50 proxy
2025-10-06 12:10:49,156 - INFO - [MainThread] - Đang dọn dẹp dữ liệu người dùng...
2025-10-06 12:11:07,320 - INFO - [Luồng-1] - Đang xử lý tài khoản 1: kango_n@yahoo.co.jp
2025-10-06 12:11:07,322 - INFO - [Luồng-1] - Bắt đầu kiểm tra tài khoản: kango_n@yahoo.co.jp
2025-10-06 12:11:08,820 - ERROR - [Luồng-1] - ❌ Lỗi trong quá trình kiểm tra cho kango_n@yahoo.co.jp: WebDriverException()
2025-10-06 12:11:08,820 - INFO - [Luồng-1] - Hoàn tất xử lý tài khoản: kango_n@yahoo.co.jp
2025-10-06 12:11:15,907 - INFO - [MainThread] - Nhận tín hiệu dừng. Đang dọn dẹp...
2025-10-06 12:11:15,908 - WARNING - [MainThread] - Đang dọn dẹp drivers...
2025-10-06 12:11:15,908 - INFO - [MainThread] - Đang dọn dẹp dữ liệu người dùng...
2025-10-06 12:11:16,958 - INFO - [MainThread] - Đã dọn dẹp dữ liệu người dùng thành công.
2025-10-06 12:11:16,958 - INFO - [MainThread] - Dọn dẹp hoàn tất. Thoát...
2025-10-06 12:11:16,958 - WARNING - [MainThread] - Đang dọn dẹp drivers...
2025-10-06 12:11:16,959 - WARNING - [MainThread] - Đang dọn dẹp drivers...
2025-10-06 12:11:22,838 - INFO - [MainThread] - Đã tải 13 tài khoản và 0 proxy
2025-10-06 12:11:22,838 - INFO - [MainThread] - Đang dọn dẹp dữ liệu người dùng...
2025-10-06 12:11:28,059 - INFO - [Luồng-1] - Đang xử lý tài khoản 1: kango_n@yahoo.co.jp
2025-10-06 12:11:28,060 - INFO - [Luồng-1] - Bắt đầu kiểm tra tài khoản: kango_n@yahoo.co.jp
2025-10-06 12:11:57,358 - INFO - [Luồng-1] - ✅ kango_n@yahoo.co.jp - Điểm: 9,445
2025-10-06 12:11:57,360 - INFO - [Luồng-1] - Đã xóa kango_n@yahoo.co.jp khỏi accounts.txt
2025-10-06 12:11:57,360 - INFO - [Luồng-1] - Hoàn tất xử lý tài khoản: kango_n@yahoo.co.jp
2025-10-06 12:12:01,093 - INFO - [Luồng-1] - Đang xử lý tài khoản 2: dakutosg@yahoo.co.jp
2025-10-06 12:12:01,093 - INFO - [Luồng-1] - Bắt đầu kiểm tra tài khoản: dakutosg@yahoo.co.jp
2025-10-06 12:12:12,665 - ERROR - [Luồng-1] - Lỗi khi nhập password cho dakutosg@yahoo.co.jp
2025-10-06 12:12:12,666 - INFO - [Luồng-1] - Hoàn tất xử lý tài khoản: dakutosg@yahoo.co.jp
2025-10-06 12:12:17,231 - INFO - [Luồng-1] - Đang xử lý tài khoản 3: tmyu417@yahoo.co.jp
2025-10-06 12:12:17,232 - INFO - [Luồng-1] - Bắt đầu kiểm tra tài khoản: tmyu417@yahoo.co.jp
2025-10-06 12:12:36,659 - WARNING - [Luồng-1] - Đăng nhập thất bại cho tmyu417@yahoo.co.jp: Vẫn ở trang login
2025-10-06 12:12:36,659 - INFO - [Luồng-1] - Hoàn tất xử lý tài khoản: tmyu417@yahoo.co.jp
2025-10-06 12:12:40,443 - INFO - [Luồng-1] - Đang xử lý tài khoản 4: matm1226@yahoo.co.jp
2025-10-06 12:12:40,444 - INFO - [Luồng-1] - Bắt đầu kiểm tra tài khoản: matm1226@yahoo.co.jp
2025-10-06 12:13:01,427 - WARNING - [Luồng-1] - Đăng nhập thất bại cho matm1226@yahoo.co.jp: Vẫn ở trang login
2025-10-06 12:13:01,428 - INFO - [Luồng-1] - Hoàn tất xử lý tài khoản: matm1226@yahoo.co.jp
2025-10-06 12:13:05,164 - INFO - [Luồng-1] - Đang xử lý tài khoản 5: hqxnd187@yahoo.co.jp
2025-10-06 12:13:05,165 - INFO - [Luồng-1] - Bắt đầu kiểm tra tài khoản: hqxnd187@yahoo.co.jp
2025-10-06 12:13:22,313 - WARNING - [Luồng-1] - Đăng nhập thất bại cho hqxnd187@yahoo.co.jp: Vẫn ở trang login
2025-10-06 12:13:22,313 - INFO - [Luồng-1] - Hoàn tất xử lý tài khoản: hqxnd187@yahoo.co.jp
2025-10-06 12:13:25,927 - INFO - [Luồng-1] - Đang xử lý tài khoản 6: mh_araki@yahoo.co.jp
2025-10-06 12:13:25,928 - INFO - [Luồng-1] - Bắt đầu kiểm tra tài khoản: mh_araki@yahoo.co.jp
2025-10-06 12:13:47,080 - WARNING - [Luồng-1] - Đăng nhập thất bại cho mh_araki@yahoo.co.jp: Vẫn ở trang login
2025-10-06 12:13:47,080 - INFO - [Luồng-1] - Hoàn tất xử lý tài khoản: mh_araki@yahoo.co.jp
2025-10-06 12:13:51,019 - INFO - [Luồng-1] - Đang xử lý tài khoản 7: yaurajp@katch.ne.jp
2025-10-06 12:13:51,019 - INFO - [Luồng-1] - Bắt đầu kiểm tra tài khoản: yaurajp@katch.ne.jp
2025-10-06 12:14:11,945 - WARNING - [Luồng-1] - Đăng nhập thất bại cho yaurajp@katch.ne.jp: Vẫn ở trang login
2025-10-06 12:14:11,947 - INFO - [Luồng-1] - Hoàn tất xử lý tài khoản: yaurajp@katch.ne.jp
2025-10-06 12:14:16,165 - INFO - [Luồng-1] - Đang xử lý tài khoản 8: hirock28jp@yahoo.co.jp
2025-10-06 12:14:16,165 - INFO - [Luồng-1] - Bắt đầu kiểm tra tài khoản: hirock28jp@yahoo.co.jp
2025-10-06 12:14:36,897 - WARNING - [Luồng-1] - Đăng nhập thất bại cho hirock28jp@yahoo.co.jp: Vẫn ở trang login
2025-10-06 12:14:36,898 - INFO - [Luồng-1] - Hoàn tất xử lý tài khoản: hirock28jp@yahoo.co.jp
2025-10-06 12:14:40,787 - INFO - [Luồng-1] - Đang xử lý tài khoản 9: ggg30612@yahoo.co.jp
2025-10-06 12:14:40,787 - INFO - [Luồng-1] - Bắt đầu kiểm tra tài khoản: ggg30612@yahoo.co.jp
2025-10-06 12:15:00,933 - WARNING - [Luồng-1] - Đăng nhập thất bại cho ggg30612@yahoo.co.jp: Vẫn ở trang login
2025-10-06 12:15:00,934 - INFO - [Luồng-1] - Hoàn tất xử lý tài khoản: ggg30612@yahoo.co.jp
2025-10-06 12:15:04,787 - INFO - [Luồng-1] - Đang xử lý tài khoản 10: dewasiex@yahoo.co.jp
2025-10-06 12:15:04,787 - INFO - [Luồng-1] - Bắt đầu kiểm tra tài khoản: dewasiex@yahoo.co.jp
2025-10-06 12:15:25,058 - WARNING - [Luồng-1] - Đăng nhập thất bại cho dewasiex@yahoo.co.jp: Vẫn ở trang login
2025-10-06 12:15:25,058 - INFO - [Luồng-1] - Hoàn tất xử lý tài khoản: dewasiex@yahoo.co.jp
2025-10-06 12:15:29,140 - INFO - [Luồng-1] - Đang xử lý tài khoản 11: nyo2929@yahoo.co.jp
2025-10-06 12:15:29,141 - INFO - [Luồng-1] - Bắt đầu kiểm tra tài khoản: nyo2929@yahoo.co.jp
2025-10-06 12:15:47,194 - WARNING - [Luồng-1] - Đăng nhập thất bại cho nyo2929@yahoo.co.jp: Vẫn ở trang login
2025-10-06 12:15:47,195 - INFO - [Luồng-1] - Hoàn tất xử lý tài khoản: nyo2929@yahoo.co.jp
2025-10-06 12:15:50,962 - INFO - [Luồng-1] - Đang xử lý tài khoản 12: sa_ki_ymd@yahoo.co.jp
2025-10-06 12:15:50,962 - INFO - [Luồng-1] - Bắt đầu kiểm tra tài khoản: sa_ki_ymd@yahoo.co.jp
2025-10-06 12:16:11,173 - WARNING - [Luồng-1] - Đăng nhập thất bại cho sa_ki_ymd@yahoo.co.jp: Vẫn ở trang login
2025-10-06 12:16:11,175 - INFO - [Luồng-1] - Hoàn tất xử lý tài khoản: sa_ki_ymd@yahoo.co.jp
2025-10-06 12:16:14,880 - INFO - [Luồng-1] - Đang xử lý tài khoản 13: writtendai@yahoo.co.jp
2025-10-06 12:16:14,880 - INFO - [Luồng-1] - Bắt đầu kiểm tra tài khoản: writtendai@yahoo.co.jp
2025-10-06 12:16:34,797 - WARNING - [Luồng-1] - Đăng nhập thất bại cho writtendai@yahoo.co.jp: Vẫn ở trang login
2025-10-06 12:16:34,797 - INFO - [Luồng-1] - Hoàn tất xử lý tài khoản: writtendai@yahoo.co.jp
2025-10-06 12:16:34,864 - INFO - [MainThread] - Đã xử lý xong tất cả tài khoản.
2025-10-06 12:16:34,865 - INFO - [MainThread] - ✅ Đăng ký thành công: 1
2025-10-06 12:16:34,865 - INFO - [MainThread] - ❌ Đăng ký thất bại: 12
2025-10-06 12:16:34,865 - INFO - [MainThread] - Đang dọn dẹp dữ liệu người dùng...
2025-10-06 12:16:35,549 - INFO - [MainThread] - Đã dọn dẹp dữ liệu người dùng thành công.
2025-10-06 12:16:35,549 - INFO - [MainThread] - Chương trình hoàn tất. Thoát sau 5 giây...
2025-10-06 12:16:40,549 - WARNING - [MainThread] - Đang dọn dẹp drivers...
2025-10-06 12:16:40,550 - WARNING - [MainThread] - Đang dọn dẹp drivers...
2025-10-08 09:45:03,779 - INFO - [MainThread] - Đang kiểm tra key live...
2025-10-08 09:45:04,620 - INFO - [MainThread] - ✅ Key live - Cho phép chạy chương trình.
2025-10-08 09:45:04,620 - INFO - [MainThread] - Đã tải 13 tài khoản và 1 proxy
2025-10-08 09:45:28,619 - ERROR - [Luồng-1] - Lỗi trong worker thread: KeyError('host')
2025-10-08 09:45:28,635 - ERROR - [Luồng-1] - Lỗi trong worker thread: KeyError('host')
2025-10-08 09:45:28,637 - ERROR - [Luồng-1] - Lỗi trong worker thread: KeyError('host')
2025-10-08 09:45:28,637 - ERROR - [Luồng-1] - Lỗi trong worker thread: KeyError('host')
2025-10-08 09:45:28,637 - ERROR - [Luồng-1] - Lỗi trong worker thread: KeyError('host')
2025-10-08 09:45:28,646 - ERROR - [Luồng-1] - Lỗi trong worker thread: KeyError('host')
2025-10-08 09:45:28,647 - ERROR - [Luồng-1] - Lỗi trong worker thread: KeyError('host')
2025-10-08 09:45:28,648 - ERROR - [Luồng-1] - Lỗi trong worker thread: KeyError('host')
2025-10-08 09:45:28,649 - ERROR - [Luồng-1] - Lỗi trong worker thread: KeyError('host')
2025-10-08 09:45:28,650 - ERROR - [Luồng-1] - Lỗi trong worker thread: KeyError('host')
2025-10-08 09:45:28,651 - ERROR - [Luồng-1] - Lỗi trong worker thread: KeyError('host')
2025-10-08 09:45:28,652 - ERROR - [Luồng-1] - Lỗi trong worker thread: KeyError('host')
2025-10-08 09:45:28,652 - ERROR - [Luồng-1] - Lỗi trong worker thread: KeyError('host')
2025-10-08 09:45:28,652 - INFO - [MainThread] - Đã xử lý xong tất cả tài khoản.
2025-10-08 09:45:28,652 - INFO - [MainThread] - ✅ Đăng ký thành công: 0
2025-10-08 09:45:28,652 - INFO - [MainThread] - ❌ Đăng ký thất bại: 0
2025-10-08 09:45:28,652 - INFO - [MainThread] - Đã dọn dẹp dữ liệu người dùng thành công.
2025-10-08 09:45:28,652 - INFO - [MainThread] - Chương trình hoàn tất. Thoát sau 5 giây...
2025-10-08 09:45:31,921 - INFO - [MainThread] - Nhận tín hiệu dừng. Đang dọn dẹp...
2025-10-08 09:45:31,921 - WARNING - [MainThread] - Đang dọn dẹp drivers...
2025-10-08 09:45:31,921 - INFO - [MainThread] - Dọn dẹp hoàn tất. Thoát...
2025-10-08 09:45:31,921 - WARNING - [MainThread] - Đang dọn dẹp drivers...
2025-10-08 09:45:31,921 - WARNING - [MainThread] - Đang dọn dẹp drivers...
2025-10-08 09:46:21,997 - INFO - [MainThread] - Đang kiểm tra key live...
2025-10-08 09:46:22,430 - INFO - [MainThread] - ✅ Key live - Cho phép chạy chương trình.
2025-10-08 09:46:22,432 - INFO - [MainThread] - Đã tải 13 tài khoản và 1 proxy
2025-10-08 09:48:42,959 - ERROR - [Luồng-1] - Lỗi trong worker thread: WebDriverException()
2025-10-08 09:48:45,638 - ERROR - [Luồng-1] - Lỗi trong worker thread: WebDriverException()
2025-10-08 09:48:48,160 - ERROR - [Luồng-1] - Lỗi trong worker thread: WebDriverException()
2025-10-08 09:48:50,772 - ERROR - [Luồng-1] - Lỗi trong worker thread: WebDriverException()
2025-10-08 09:48:53,409 - ERROR - [Luồng-1] - Lỗi trong worker thread: WebDriverException()
2025-10-08 09:48:54,826 - ERROR - [Selenium Wire Proxy Server] - 127.0.0.1:61284: Traceback (most recent call last):
  File "D:\me\auto\check-login-rakuten\.venv\Lib\site-packages\seleniumwire\thirdparty\mitmproxy\net\tcp.py", line 94, in write
    r = self.o.write(v)
        ^^^^^^^^^^^^^^^
  File "C:\Users\sang2.nguyen\AppData\Local\Programs\Python\Python311\Lib\socket.py", line 723, in write
    return self._sock.send(b)
           ^^^^^^^^^^^^^^^^^^
ConnectionResetError: [WinError 10054] An existing connection was forcibly closed by the remote host

During handling of the above exception, another exception occurred:

Traceback (most recent call last):
  File "D:\me\auto\check-login-rakuten\.venv\Lib\site-packages\seleniumwire\thirdparty\mitmproxy\server\server.py", line 113, in handle
    root_layer()
  File "D:\me\auto\check-login-rakuten\.venv\Lib\site-packages\seleniumwire\thirdparty\mitmproxy\server\modes\http_proxy.py", line 23, in __call__
    layer()
  File "D:\me\auto\check-login-rakuten\.venv\Lib\site-packages\seleniumwire\thirdparty\mitmproxy\server\protocol\tls.py", line 285, in __call__
    layer()
  File "D:\me\auto\check-login-rakuten\.venv\Lib\site-packages\seleniumwire\thirdparty\mitmproxy\server\protocol\http1.py", line 100, in __call__
    layer()
  File "D:\me\auto\check-login-rakuten\.venv\Lib\site-packages\seleniumwire\thirdparty\mitmproxy\server\protocol\http.py", line 206, in __call__
    if not self._process_flow(flow):
           ^^^^^^^^^^^^^^^^^^^^^^^^
  File "D:\me\auto\check-login-rakuten\.venv\Lib\site-packages\seleniumwire\thirdparty\mitmproxy\server\protocol\http.py", line 288, in _process_flow
    return self.handle_upstream_connect(f)
           ^^^^^^^^^^^^^^^^^^^^^^^^^^^^^^^
  File "D:\me\auto\check-login-rakuten\.venv\Lib\site-packages\seleniumwire\thirdparty\mitmproxy\server\protocol\http.py", line 251, in handle_upstream_connect
    self.send_response(f.response)
  File "D:\me\auto\check-login-rakuten\.venv\Lib\site-packages\seleniumwire\thirdparty\mitmproxy\server\protocol\http.py", line 53, in send_response
    self.send_response_headers(response)
  File "D:\me\auto\check-login-rakuten\.venv\Lib\site-packages\seleniumwire\thirdparty\mitmproxy\server\protocol\http1.py", line 67, in send_response_headers
    self.client_conn.wfile.write(raw)
  File "D:\me\auto\check-login-rakuten\.venv\Lib\site-packages\seleniumwire\thirdparty\mitmproxy\net\tcp.py", line 98, in write
    raise exceptions.TcpDisconnect(str(e))
seleniumwire.thirdparty.mitmproxy.exceptions.TcpDisconnect: [WinError 10054] An existing connection was forcibly closed by the remote host

2025-10-08 09:48:55,042 - ERROR - [Luồng-1] - Lỗi trong worker thread: ProtocolError('Connection aborted.', ConnectionResetError(10054, 'An existing connection was forcibly closed by the remote host', None, 10054, None))
2025-10-08 09:48:57,200 - ERROR - [Luồng-1] - Lỗi trong worker thread: WebDriverException()
2025-10-08 09:50:07,731 - INFO - [MainThread] - Đang kiểm tra key live...
2025-10-08 09:50:08,406 - INFO - [MainThread] - ✅ Key live - Cho phép chạy chương trình.
2025-10-08 09:50:08,406 - INFO - [MainThread] - Đã tải 13 tài khoản và 1 proxy
2025-10-08 09:50:08,406 - INFO - [MainThread] - Đã dọn dẹp dữ liệu người dùng thành công.
2025-10-08 09:50:19,088 - INFO - [MainThread] - Đang kiểm tra key live...
2025-10-08 09:50:19,545 - INFO - [MainThread] - ✅ Key live - Cho phép chạy chương trình.
2025-10-08 09:50:19,546 - INFO - [MainThread] - Đã tải 13 tài khoản và 1 proxy
2025-10-08 09:50:19,547 - INFO - [MainThread] - Đã dọn dẹp dữ liệu người dùng thành công.
2025-10-08 09:50:24,250 - ERROR - [Luồng-1] - Lỗi trong worker thread: WebDriverException()
2025-10-08 09:50:26,786 - ERROR - [Luồng-1] - Lỗi trong worker thread: WebDriverException()
2025-10-08 09:50:27,448 - ERROR - [Selenium Wire Proxy Server] - 127.0.0.1:61691: Traceback (most recent call last):
  File "D:\me\auto\check-login-rakuten\.venv\Lib\site-packages\seleniumwire\thirdparty\mitmproxy\net\tcp.py", line 92, in write
    return self.o.sendall(v)
           ^^^^^^^^^^^^^^^^^
  File "D:\me\auto\check-login-rakuten\.venv\Lib\site-packages\OpenSSL\SSL.py", line 2282, in sendall
    self._raise_ssl_error(self._ssl, result)
  File "D:\me\auto\check-login-rakuten\.venv\Lib\site-packages\OpenSSL\SSL.py", line 2032, in _raise_ssl_error
    raise SysCallError(errno, errorcode.get(errno))
OpenSSL.SSL.SysCallError: (10054, 'WSAECONNRESET')

During handling of the above exception, another exception occurred:

Traceback (most recent call last):
  File "D:\me\auto\check-login-rakuten\.venv\Lib\site-packages\seleniumwire\thirdparty\mitmproxy\server\server.py", line 113, in handle
    root_layer()
  File "D:\me\auto\check-login-rakuten\.venv\Lib\site-packages\seleniumwire\thirdparty\mitmproxy\server\modes\http_proxy.py", line 23, in __call__
    layer()
  File "D:\me\auto\check-login-rakuten\.venv\Lib\site-packages\seleniumwire\thirdparty\mitmproxy\server\protocol\tls.py", line 285, in __call__
    layer()
  File "D:\me\auto\check-login-rakuten\.venv\Lib\site-packages\seleniumwire\thirdparty\mitmproxy\server\protocol\http1.py", line 100, in __call__
    layer()
  File "D:\me\auto\check-login-rakuten\.venv\Lib\site-packages\seleniumwire\thirdparty\mitmproxy\server\protocol\http.py", line 206, in __call__
    if not self._process_flow(flow):
           ^^^^^^^^^^^^^^^^^^^^^^^^
  File "D:\me\auto\check-login-rakuten\.venv\Lib\site-packages\seleniumwire\thirdparty\mitmproxy\server\protocol\http.py", line 288, in _process_flow
    return self.handle_upstream_connect(f)
           ^^^^^^^^^^^^^^^^^^^^^^^^^^^^^^^
  File "D:\me\auto\check-login-rakuten\.venv\Lib\site-packages\seleniumwire\thirdparty\mitmproxy\server\protocol\http.py", line 254, in handle_upstream_connect
    return layer()
           ^^^^^^^
  File "D:\me\auto\check-login-rakuten\.venv\Lib\site-packages\seleniumwire\thirdparty\mitmproxy\server\protocol\http.py", line 103, in __call__
    layer()
  File "D:\me\auto\check-login-rakuten\.venv\Lib\site-packages\seleniumwire\thirdparty\mitmproxy\server\protocol\tls.py", line 285, in __call__
    layer()
  File "D:\me\auto\check-login-rakuten\.venv\Lib\site-packages\seleniumwire\thirdparty\mitmproxy\server\protocol\http2.py", line 346, in __call__
    self._complete_handshake()
  File "D:\me\auto\check-login-rakuten\.venv\Lib\site-packages\seleniumwire\thirdparty\mitmproxy\server\protocol\http2.py", line 132, in _complete_handshake
    self.client_conn.send(self.connections[self.client_conn].data_to_send())
  File "D:\me\auto\check-login-rakuten\.venv\Lib\site-packages\seleniumwire\thirdparty\mitmproxy\connections.py", line 107, in send
    self.wfile.write(message)
  File "D:\me\auto\check-login-rakuten\.venv\Lib\site-packages\seleniumwire\thirdparty\mitmproxy\net\tcp.py", line 98, in write
    raise exceptions.TcpDisconnect(str(e))
seleniumwire.thirdparty.mitmproxy.exceptions.TcpDisconnect: (10054, 'WSAECONNRESET')

2025-10-08 09:50:29,075 - ERROR - [Luồng-1] - Lỗi trong worker thread: WebDriverException()
2025-10-08 09:50:31,566 - ERROR - [Luồng-1] - Lỗi trong worker thread: WebDriverException()
2025-10-08 09:50:33,615 - ERROR - [Luồng-1] - Lỗi trong worker thread: ProtocolError('Connection aborted.', ConnectionResetError(10054, 'An existing connection was forcibly closed by the remote host', None, 10054, None))
2025-10-08 09:51:25,556 - INFO - [MainThread] - Đang kiểm tra key live...
2025-10-08 09:51:25,986 - INFO - [MainThread] - ✅ Key live - Cho phép chạy chương trình.
2025-10-08 09:51:25,986 - INFO - [MainThread] - Đã tải 13 tài khoản và 1 proxy
2025-10-08 09:51:25,986 - INFO - [MainThread] - Đã dọn dẹp dữ liệu người dùng thành công.
2025-10-08 09:51:27,465 - INFO - [Luồng-1] - Proxy: {'proxy': {'http': 'http://rakuten24h-zone-custom-region-JP:091101@as.proxys5.net:6200', 'https': 'http://rakuten24h-zone-custom-region-JP:091101@as.proxys5.net:6200', 'no_proxy': 'localhost,127.0.0.1'}}
2025-10-08 09:51:29,231 - ERROR - [Luồng-1] - Lỗi trong worker thread: WebDriverException()
2025-10-08 09:51:29,231 - INFO - [Luồng-1] - Proxy: {'proxy': {'http': 'http://rakuten24h-zone-custom-region-JP:091101@as.proxys5.net:6200', 'https': 'http://rakuten24h-zone-custom-region-JP:091101@as.proxys5.net:6200', 'no_proxy': 'localhost,127.0.0.1'}}
2025-10-08 09:51:32,195 - ERROR - [Luồng-1] - Lỗi trong worker thread: WebDriverException()
2025-10-08 09:51:32,198 - INFO - [Luồng-1] - Proxy: {'proxy': {'http': 'http://rakuten24h-zone-custom-region-JP:091101@as.proxys5.net:6200', 'https': 'http://rakuten24h-zone-custom-region-JP:091101@as.proxys5.net:6200', 'no_proxy': 'localhost,127.0.0.1'}}
2025-10-08 09:51:35,515 - ERROR - [Luồng-1] - Lỗi trong worker thread: WebDriverException()
2025-10-08 09:51:35,516 - INFO - [Luồng-1] - Proxy: {'proxy': {'http': 'http://rakuten24h-zone-custom-region-JP:091101@as.proxys5.net:6200', 'https': 'http://rakuten24h-zone-custom-region-JP:091101@as.proxys5.net:6200', 'no_proxy': 'localhost,127.0.0.1'}}
2025-10-08 09:51:38,527 - ERROR - [Luồng-1] - Lỗi trong worker thread: WebDriverException()
2025-10-08 09:51:38,528 - INFO - [Luồng-1] - Proxy: {'proxy': {'http': 'http://rakuten24h-zone-custom-region-JP:091101@as.proxys5.net:6200', 'https': 'http://rakuten24h-zone-custom-region-JP:091101@as.proxys5.net:6200', 'no_proxy': 'localhost,127.0.0.1'}}
2025-10-08 09:51:41,450 - ERROR - [Luồng-1] - Lỗi trong worker thread: WebDriverException()
2025-10-08 09:51:41,452 - INFO - [Luồng-1] - Proxy: {'proxy': {'http': 'http://rakuten24h-zone-custom-region-JP:091101@as.proxys5.net:6200', 'https': 'http://rakuten24h-zone-custom-region-JP:091101@as.proxys5.net:6200', 'no_proxy': 'localhost,127.0.0.1'}}
2025-10-08 09:51:42,823 - ERROR - [Selenium Wire Proxy Server] - 127.0.0.1:62186: Traceback (most recent call last):
  File "D:\me\auto\check-login-rakuten\.venv\Lib\site-packages\seleniumwire\thirdparty\mitmproxy\net\tcp.py", line 196, in peek
    return self.o._sock.recv(length, socket.MSG_PEEK)
           ^^^^^^^^^^^^^^^^^^^^^^^^^^^^^^^^^^^^^^^^^^
ConnectionResetError: [WinError 10054] An existing connection was forcibly closed by the remote host

During handling of the above exception, another exception occurred:

Traceback (most recent call last):
  File "D:\me\auto\check-login-rakuten\.venv\Lib\site-packages\seleniumwire\thirdparty\mitmproxy\server\server.py", line 113, in handle
    root_layer()
  File "D:\me\auto\check-login-rakuten\.venv\Lib\site-packages\seleniumwire\thirdparty\mitmproxy\server\modes\http_proxy.py", line 23, in __call__
    layer()
  File "D:\me\auto\check-login-rakuten\.venv\Lib\site-packages\seleniumwire\thirdparty\mitmproxy\server\protocol\tls.py", line 285, in __call__
    layer()
  File "D:\me\auto\check-login-rakuten\.venv\Lib\site-packages\seleniumwire\thirdparty\mitmproxy\server\protocol\http1.py", line 100, in __call__
    layer()
  File "D:\me\auto\check-login-rakuten\.venv\Lib\site-packages\seleniumwire\thirdparty\mitmproxy\server\protocol\http.py", line 206, in __call__
    if not self._process_flow(flow):
           ^^^^^^^^^^^^^^^^^^^^^^^^
  File "D:\me\auto\check-login-rakuten\.venv\Lib\site-packages\seleniumwire\thirdparty\mitmproxy\server\protocol\http.py", line 288, in _process_flow
    return self.handle_upstream_connect(f)
           ^^^^^^^^^^^^^^^^^^^^^^^^^^^^^^^
  File "D:\me\auto\check-login-rakuten\.venv\Lib\site-packages\seleniumwire\thirdparty\mitmproxy\server\protocol\http.py", line 254, in handle_upstream_connect
    return layer()
           ^^^^^^^
  File "D:\me\auto\check-login-rakuten\.venv\Lib\site-packages\seleniumwire\thirdparty\mitmproxy\server\protocol\http.py", line 103, in __call__
    layer()
  File "D:\me\auto\check-login-rakuten\.venv\Lib\site-packages\seleniumwire\thirdparty\mitmproxy\server\protocol\tls.py", line 278, in __call__
    self._establish_tls_with_client_and_server()
  File "D:\me\auto\check-login-rakuten\.venv\Lib\site-packages\seleniumwire\thirdparty\mitmproxy\server\protocol\tls.py", line 368, in _establish_tls_with_client_and_server
    self._establish_tls_with_client()
  File "D:\me\auto\check-login-rakuten\.venv\Lib\site-packages\seleniumwire\thirdparty\mitmproxy\server\protocol\tls.py", line 381, in _establish_tls_with_client
    self.client_conn.convert_to_tls(
  File "D:\me\auto\check-login-rakuten\.venv\Lib\site-packages\seleniumwire\thirdparty\mitmproxy\connections.py", line 140, in convert_to_tls
    client_hello = tls.ClientHello.from_file(self.rfile)
                   ^^^^^^^^^^^^^^^^^^^^^^^^^^^^^^^^^^^^^
  File "D:\me\auto\check-login-rakuten\.venv\Lib\site-packages\seleniumwire\thirdparty\mitmproxy\net\tls.py", line 473, in from_file
    raw_client_hello = get_client_hello(client_conn)[4:]  # exclude handshake header.
                       ^^^^^^^^^^^^^^^^^^^^^^^^^^^^^
  File "D:\me\auto\check-login-rakuten\.venv\Lib\site-packages\seleniumwire\thirdparty\mitmproxy\net\tls.py", line 406, in get_client_hello
    record_header = rfile.peek(offset + 5)[offset:]
                    ^^^^^^^^^^^^^^^^^^^^^^
  File "D:\me\auto\check-login-rakuten\.venv\Lib\site-packages\seleniumwire\thirdparty\mitmproxy\net\tcp.py", line 198, in peek
    raise exceptions.TcpException(repr(e))
seleniumwire.thirdparty.mitmproxy.exceptions.TcpException: ConnectionResetError(10054, 'An existing connection was forcibly closed by the remote host', None, 10054, None)

2025-10-08 09:51:42,950 - ERROR - [Selenium Wire Proxy Server] - 127.0.0.1:62185: Traceback (most recent call last):
  File "D:\me\auto\check-login-rakuten\.venv\Lib\site-packages\seleniumwire\thirdparty\mitmproxy\net\tcp.py", line 196, in peek
    return self.o._sock.recv(length, socket.MSG_PEEK)
           ^^^^^^^^^^^^^^^^^^^^^^^^^^^^^^^^^^^^^^^^^^
ConnectionResetError: [WinError 10054] An existing connection was forcibly closed by the remote host

During handling of the above exception, another exception occurred:

Traceback (most recent call last):
  File "D:\me\auto\check-login-rakuten\.venv\Lib\site-packages\seleniumwire\thirdparty\mitmproxy\server\server.py", line 113, in handle
    root_layer()
  File "D:\me\auto\check-login-rakuten\.venv\Lib\site-packages\seleniumwire\thirdparty\mitmproxy\server\modes\http_proxy.py", line 23, in __call__
    layer()
  File "D:\me\auto\check-login-rakuten\.venv\Lib\site-packages\seleniumwire\thirdparty\mitmproxy\server\protocol\tls.py", line 285, in __call__
    layer()
  File "D:\me\auto\check-login-rakuten\.venv\Lib\site-packages\seleniumwire\thirdparty\mitmproxy\server\protocol\http1.py", line 100, in __call__
    layer()
  File "D:\me\auto\check-login-rakuten\.venv\Lib\site-packages\seleniumwire\thirdparty\mitmproxy\server\protocol\http.py", line 206, in __call__
    if not self._process_flow(flow):
           ^^^^^^^^^^^^^^^^^^^^^^^^
  File "D:\me\auto\check-login-rakuten\.venv\Lib\site-packages\seleniumwire\thirdparty\mitmproxy\server\protocol\http.py", line 288, in _process_flow
    return self.handle_upstream_connect(f)
           ^^^^^^^^^^^^^^^^^^^^^^^^^^^^^^^
  File "D:\me\auto\check-login-rakuten\.venv\Lib\site-packages\seleniumwire\thirdparty\mitmproxy\server\protocol\http.py", line 254, in handle_upstream_connect
    return layer()
           ^^^^^^^
  File "D:\me\auto\check-login-rakuten\.venv\Lib\site-packages\seleniumwire\thirdparty\mitmproxy\server\protocol\http.py", line 103, in __call__
    layer()
  File "D:\me\auto\check-login-rakuten\.venv\Lib\site-packages\seleniumwire\thirdparty\mitmproxy\server\protocol\tls.py", line 278, in __call__
    self._establish_tls_with_client_and_server()
  File "D:\me\auto\check-login-rakuten\.venv\Lib\site-packages\seleniumwire\thirdparty\mitmproxy\server\protocol\tls.py", line 368, in _establish_tls_with_client_and_server
    self._establish_tls_with_client()
  File "D:\me\auto\check-login-rakuten\.venv\Lib\site-packages\seleniumwire\thirdparty\mitmproxy\server\protocol\tls.py", line 381, in _establish_tls_with_client
    self.client_conn.convert_to_tls(
  File "D:\me\auto\check-login-rakuten\.venv\Lib\site-packages\seleniumwire\thirdparty\mitmproxy\connections.py", line 140, in convert_to_tls
    client_hello = tls.ClientHello.from_file(self.rfile)
                   ^^^^^^^^^^^^^^^^^^^^^^^^^^^^^^^^^^^^^
  File "D:\me\auto\check-login-rakuten\.venv\Lib\site-packages\seleniumwire\thirdparty\mitmproxy\net\tls.py", line 473, in from_file
    raw_client_hello = get_client_hello(client_conn)[4:]  # exclude handshake header.
                       ^^^^^^^^^^^^^^^^^^^^^^^^^^^^^
  File "D:\me\auto\check-login-rakuten\.venv\Lib\site-packages\seleniumwire\thirdparty\mitmproxy\net\tls.py", line 406, in get_client_hello
    record_header = rfile.peek(offset + 5)[offset:]
                    ^^^^^^^^^^^^^^^^^^^^^^
  File "D:\me\auto\check-login-rakuten\.venv\Lib\site-packages\seleniumwire\thirdparty\mitmproxy\net\tcp.py", line 198, in peek
    raise exceptions.TcpException(repr(e))
seleniumwire.thirdparty.mitmproxy.exceptions.TcpException: ConnectionResetError(10054, 'An existing connection was forcibly closed by the remote host', None, 10054, None)

2025-10-08 09:51:46,232 - ERROR - [Luồng-1] - Lỗi trong worker thread: WebDriverException()
2025-10-08 09:51:46,232 - INFO - [Luồng-1] - Proxy: {'proxy': {'http': 'http://rakuten24h-zone-custom-region-JP:091101@as.proxys5.net:6200', 'https': 'http://rakuten24h-zone-custom-region-JP:091101@as.proxys5.net:6200', 'no_proxy': 'localhost,127.0.0.1'}}
2025-10-08 09:51:55,519 - ERROR - [Luồng-1] - Lỗi trong worker thread: WebDriverException()
2025-10-08 09:51:55,521 - INFO - [Luồng-1] - Proxy: {'proxy': {'http': 'http://rakuten24h-zone-custom-region-JP:091101@as.proxys5.net:6200', 'https': 'http://rakuten24h-zone-custom-region-JP:091101@as.proxys5.net:6200', 'no_proxy': 'localhost,127.0.0.1'}}
2025-10-08 09:51:57,533 - ERROR - [Luồng-1] - Lỗi trong worker thread: WebDriverException()
2025-10-08 09:51:57,539 - INFO - [Luồng-1] - Proxy: {'proxy': {'http': 'http://rakuten24h-zone-custom-region-JP:091101@as.proxys5.net:6200', 'https': 'http://rakuten24h-zone-custom-region-JP:091101@as.proxys5.net:6200', 'no_proxy': 'localhost,127.0.0.1'}}
2025-10-08 09:58:38,487 - INFO - [MainThread] - Đang kiểm tra key live...
2025-10-08 09:58:39,143 - INFO - [MainThread] - ✅ Key live - Cho phép chạy chương trình.
2025-10-08 09:58:39,159 - INFO - [MainThread] - Đã tải 13 tài khoản và 1 proxy
2025-10-08 09:58:39,161 - INFO - [MainThread] - Đã dọn dẹp dữ liệu người dùng thành công.
2025-10-08 09:58:40,588 - INFO - [Luồng-1] - Proxy: {'proxy': {'http': 'http://rakuten24h-zone-custom-region-JP:091101@as.proxys5.net:6200', 'https': 'http://rakuten24h-zone-custom-region-JP:091101@as.proxys5.net:6200', 'no_proxy': 'localhost,127.0.0.1'}}
2025-10-08 10:01:12,172 - INFO - [MainThread] - Đang kiểm tra key live...
2025-10-08 10:01:12,636 - INFO - [MainThread] - ✅ Key live - Cho phép chạy chương trình.
2025-10-08 10:01:12,636 - INFO - [MainThread] - Đã tải 13 tài khoản và 1 proxy
2025-10-08 10:01:12,643 - INFO - [MainThread] - Đã dọn dẹp dữ liệu người dùng thành công.
2025-10-08 10:01:13,878 - INFO - [Luồng-1] - Proxy: {'proxy': {'http': 'http://rakuten24h-zone-custom-region-JP:091101@as.proxys5.net:6200', 'https': 'http://rakuten24h-zone-custom-region-JP:091101@as.proxys5.net:6200', 'no_proxy': 'localhost,127.0.0.1'}}
2025-10-08 10:01:15,256 - INFO - [Luồng-1] - Bắt đầu kiểm tra tài khoản: kango_n@yahoo.co.jp
2025-10-08 10:02:32,207 - INFO - [Luồng-1] - Hoàn tất xử lý tài khoản: kango_n@yahoo.co.jp
2025-10-08 10:02:32,254 - WARNING - [Luồng-1] - Lỗi khi dọn dẹp driver: Message: no such window: target window already closed
from unknown error: web view not found
  (Session info: chrome=140.0.7339.210)
Stacktrace:
	GetHandleVerifier [0x0x7ff7d2971eb5+80197]
	GetHandleVerifier [0x0x7ff7d2971f10+80288]
	(No symbol) [0x0x7ff7d26f02fa]
	(No symbol) [0x0x7ff7d26c82a1]
	(No symbol) [0x0x7ff7d277799e]
	(No symbol) [0x0x7ff7d2781400]
	(No symbol) [0x0x7ff7d2770340]
	(No symbol) [0x0x7ff7d2738b02]
	(No symbol) [0x0x7ff7d27398d3]
	GetHandleVerifier [0x0x7ff7d2c2e83d+2949837]
	GetHandleVerifier [0x0x7ff7d2c28c6a+2926330]
	GetHandleVerifier [0x0x7ff7d2c486c7+3055959]
	GetHandleVerifier [0x0x7ff7d298cfee+191102]
	GetHandleVerifier [0x0x7ff7d29950af+224063]
	GetHandleVerifier [0x0x7ff7d297af64+117236]
	GetHandleVerifier [0x0x7ff7d297b119+117673]
	GetHandleVerifier [0x0x7ff7d29610a8+11064]
	BaseThreadInitThunk [0x0x7ff96d4a7374+20]
	RtlUserThreadStart [0x0x7ff96d97cc91+33]

2025-10-08 10:02:32,295 - INFO - [Luồng-1] - Proxy: {'proxy': {'http': 'http://rakuten24h-zone-custom-region-JP:091101@as.proxys5.net:6200', 'https': 'http://rakuten24h-zone-custom-region-JP:091101@as.proxys5.net:6200', 'no_proxy': 'localhost,127.0.0.1'}}
2025-10-08 10:02:54,517 - INFO - [MainThread] - Đang kiểm tra key live...
2025-10-08 10:02:55,033 - INFO - [MainThread] - ✅ Key live - Cho phép chạy chương trình.
2025-10-08 10:02:55,033 - INFO - [MainThread] - Đã tải 12 tài khoản và 1 proxy
2025-10-08 10:02:55,033 - INFO - [MainThread] - Đã dọn dẹp dữ liệu người dùng thành công.
2025-10-08 10:02:56,636 - INFO - [Luồng-1] - Proxy: {'proxy': {'http': 'http://rakuten24h-zone-custom-region-JP:091101@as.proxys5.net:6200', 'https': 'http://rakuten24h-zone-custom-region-JP:091101@as.proxys5.net:6200', 'no_proxy': 'localhost,127.0.0.1'}}
2025-10-08 10:02:57,989 - INFO - [Luồng-1] - Bắt đầu kiểm tra tài khoản: dakutosg@yahoo.co.jp
2025-10-08 10:03:06,385 - ERROR - [Luồng-1] - ❌ Lỗi trong quá trình kiểm tra cho dakutosg@yahoo.co.jp: ProtocolError('Connection aborted.', ConnectionResetError(10054, 'An existing connection was forcibly closed by the remote host', None, 10054, None))
2025-10-08 10:03:06,385 - INFO - [Luồng-1] - Hoàn tất xử lý tài khoản: dakutosg@yahoo.co.jp
2025-10-08 10:34:12,079 - INFO - [MainThread] - Đang kiểm tra key live...
2025-10-08 10:34:14,085 - INFO - [MainThread] - ✅ Key live - Cho phép chạy chương trình.
2025-10-08 10:34:14,085 - INFO - [MainThread] - Đã tải 11 tài khoản và 1 proxy
2025-10-08 10:34:18,243 - INFO - [Luồng-1] - Bắt đầu kiểm tra tài khoản: tmyu417@yahoo.co.jp
2025-10-08 10:34:47,904 - WARNING - [Luồng-1] - Đăng nhập thất bại cho tmyu417@yahoo.co.jp: Acc Die
2025-10-08 10:34:47,904 - INFO - [Luồng-1] - Hoàn tất xử lý tài khoản: tmyu417@yahoo.co.jp
2025-10-08 10:34:51,456 - INFO - [Luồng-1] - Bắt đầu kiểm tra tài khoản: matm1226@yahoo.co.jp
2025-10-08 10:35:22,008 - WARNING - [Luồng-1] - Đăng nhập thất bại cho matm1226@yahoo.co.jp: Acc Die
2025-10-08 10:35:22,008 - INFO - [Luồng-1] - Hoàn tất xử lý tài khoản: matm1226@yahoo.co.jp
2025-10-08 10:35:25,694 - INFO - [Luồng-1] - Bắt đầu kiểm tra tài khoản: hqxnd187@yahoo.co.jp
2025-10-08 10:35:54,530 - WARNING - [Luồng-1] - Đăng nhập thất bại cho hqxnd187@yahoo.co.jp: Acc Die
2025-10-08 10:35:54,530 - INFO - [Luồng-1] - Hoàn tất xử lý tài khoản: hqxnd187@yahoo.co.jp
2025-10-08 10:35:58,379 - INFO - [Luồng-1] - Bắt đầu kiểm tra tài khoản: mh_araki@yahoo.co.jp
2025-10-08 10:36:05,744 - ERROR - [Luồng-1] - ❌ Lỗi trong quá trình kiểm tra cho mh_araki@yahoo.co.jp: ProtocolError('Connection aborted.', ConnectionResetError(10054, 'An existing connection was forcibly closed by the remote host', None, 10054, None))
2025-10-08 10:36:05,748 - INFO - [Luồng-1] - Hoàn tất xử lý tài khoản: mh_araki@yahoo.co.jp
2025-10-08 10:36:09,813 - WARNING - [Luồng-1] - Retrying (Retry(total=2, connect=None, read=None, redirect=None, status=None)) after connection broken by 'NewConnectionError('<urllib3.connection.HTTPConnection object at 0x000002E5D04434D0>: Failed to establish a new connection: [WinError 10061] No connection could be made because the target machine actively refused it')': /session/404dc403aaef4e4f0c219015a9024ae0/window
2025-10-08 10:53:47,941 - INFO - [MainThread] - Đang kiểm tra key live...
2025-10-08 10:53:49,256 - INFO - [MainThread] - ✅ Key live - Cho phép chạy chương trình.
2025-10-08 10:53:49,256 - INFO - [MainThread] - Đã tải 7 tài khoản và 1 proxy
2025-10-08 10:53:49,256 - INFO - [MainThread] - Đã dọn dẹp dữ liệu người dùng thành công.
2025-10-08 10:53:51,495 - INFO - [Luồng-1] - ====== WebDriver manager ======
2025-10-08 10:53:52,275 - INFO - [Luồng-1] - Get LATEST chromedriver version for google-chrome
2025-10-08 10:53:53,151 - INFO - [Luồng-1] - Get LATEST chromedriver version for google-chrome
2025-10-08 10:53:54,170 - INFO - [Luồng-1] - There is no [win64] chromedriver "140.0.7339.207" for browser google-chrome "140.0.7339" in cache
2025-10-08 10:53:54,171 - INFO - [Luồng-1] - Get LATEST chromedriver version for google-chrome
2025-10-08 10:53:55,925 - INFO - [Luồng-1] - WebDriver version 140.0.7339.207 selected
2025-10-08 10:53:55,941 - INFO - [Luồng-1] - Modern chrome version https://storage.googleapis.com/chrome-for-testing-public/140.0.7339.207/win32/chromedriver-win32.zip
2025-10-08 10:53:55,941 - INFO - [Luồng-1] - About to download new driver from https://storage.googleapis.com/chrome-for-testing-public/140.0.7339.207/win32/chromedriver-win32.zip
2025-10-08 10:53:57,162 - INFO - [Luồng-1] - Driver downloading response is 200
2025-10-08 10:56:20,884 - INFO - [Luồng-1] - Get LATEST chromedriver version for google-chrome
2025-10-08 10:56:22,556 - INFO - [Luồng-1] - Driver has been saved in cache [C:\Users\sang2.nguyen\.wdm\drivers\chromedriver\win64\140.0.7339.207]
2025-10-08 10:56:24,843 - INFO - [Luồng-1] - Bắt đầu kiểm tra tài khoản: yaurajp@katch.ne.jp
2025-10-08 10:58:05,034 - INFO - [MainThread] - ====== WebDriver manager ======
2025-10-08 10:58:05,903 - INFO - [MainThread] - Get LATEST chromedriver version for google-chrome
2025-10-08 10:58:06,591 - INFO - [MainThread] - Get LATEST chromedriver version for google-chrome
2025-10-08 10:58:07,610 - INFO - [MainThread] - Driver [C:\Users\sang2.nguyen\.wdm\drivers\chromedriver\win64\140.0.7339.207\chromedriver-win32/chromedriver.exe] found in cache
2025-10-08 10:58:07,610 - INFO - [MainThread] - Đang kiểm tra key live...
2025-10-08 10:58:08,600 - INFO - [MainThread] - ✅ Key live - Cho phép chạy chương trình.
2025-10-08 10:58:08,600 - INFO - [MainThread] - Đã tải 7 tài khoản và 1 proxy
2025-10-08 10:58:08,600 - INFO - [MainThread] - Đã dọn dẹp dữ liệu người dùng thành công.
2025-10-08 10:58:15,581 - ERROR - [MainThread] - Lỗi trong hàm main: TypeError('cleanup_drivers() takes 0 positional arguments but 2 were given')
2025-10-08 10:58:15,581 - WARNING - [MainThread] - Đang dọn dẹp drivers...
2025-10-08 10:58:15,581 - WARNING - [MainThread] - Đang dọn dẹp drivers...
2025-10-08 10:59:21,091 - INFO - [MainThread] - ====== WebDriver manager ======
2025-10-08 10:59:21,991 - INFO - [MainThread] - Get LATEST chromedriver version for google-chrome
2025-10-08 10:59:22,791 - INFO - [MainThread] - Get LATEST chromedriver version for google-chrome
2025-10-08 10:59:23,674 - INFO - [MainThread] - Driver [C:\Users\sang2.nguyen\.wdm\drivers\chromedriver\win64\140.0.7339.207\chromedriver-win32/chromedriver.exe] found in cache
2025-10-08 10:59:23,674 - INFO - [MainThread] - Đang kiểm tra key live...
2025-10-08 10:59:24,376 - INFO - [MainThread] - ✅ Key live - Cho phép chạy chương trình.
2025-10-08 10:59:24,376 - INFO - [MainThread] - Đã tải 7 tài khoản và 1 proxy
2025-10-08 11:01:35,873 - ERROR - [MainThread] - Lỗi trong hàm main: TypeError('cleanup_drivers() takes 0 positional arguments but 2 were given')
2025-10-08 11:01:35,873 - WARNING - [MainThread] - Đang dọn dẹp drivers...
2025-10-08 11:01:35,873 - WARNING - [MainThread] - Đang dọn dẹp drivers...
2025-10-08 11:01:41,601 - INFO - [MainThread] - Đang kiểm tra key live...
2025-10-08 11:01:42,437 - INFO - [MainThread] - ✅ Key live - Cho phép chạy chương trình.
2025-10-08 11:01:42,437 - INFO - [MainThread] - Đã tải 7 tài khoản và 1 proxy
2025-10-08 11:01:43,989 - ERROR - [MainThread] - Lỗi trong hàm main: TypeError('cleanup_drivers() takes 0 positional arguments but 2 were given')
2025-10-08 11:01:43,989 - WARNING - [MainThread] - Đang dọn dẹp drivers...
2025-10-08 11:01:43,989 - WARNING - [MainThread] - Đang dọn dẹp drivers...
2025-10-08 11:01:51,434 - INFO - [MainThread] - Đang kiểm tra key live...
2025-10-08 11:01:52,040 - INFO - [MainThread] - ✅ Key live - Cho phép chạy chương trình.
2025-10-08 11:01:52,044 - INFO - [MainThread] - Đã tải 7 tài khoản và 1 proxy
2025-10-08 11:01:55,331 - INFO - [Luồng-1] - Bắt đầu kiểm tra tài khoản: yaurajp@katch.ne.jp
2025-10-08 11:02:25,055 - WARNING - [Luồng-1] - Đăng nhập thất bại cho yaurajp@katch.ne.jp: Acc Die
2025-10-08 11:02:25,057 - INFO - [Luồng-1] - Hoàn tất xử lý tài khoản: yaurajp@katch.ne.jp
2025-10-08 11:02:28,459 - INFO - [Luồng-1] - Bắt đầu kiểm tra tài khoản: hirock28jp@yahoo.co.jp
2025-10-08 11:02:29,528 - ERROR - [Luồng-1] - ❌ Lỗi trong quá trình kiểm tra cho hirock28jp@yahoo.co.jp: ProtocolError('Connection aborted.', ConnectionResetError(10054, 'An existing connection was forcibly closed by the remote host', None, 10054, None))
2025-10-08 11:42:21,707 - INFO - [MainThread] - ====== WebDriver manager ======
2025-10-08 11:42:22,445 - INFO - [MainThread] - Get LATEST chromedriver version for google-chrome
2025-10-08 11:42:23,072 - INFO - [MainThread] - Get LATEST chromedriver version for google-chrome
2025-10-08 11:42:23,525 - INFO - [MainThread] - Driver [C:\Users\sang2.nguyen\.wdm\drivers\chromedriver\win64\140.0.7339.207\chromedriver-win32/chromedriver.exe] found in cache
2025-10-08 11:42:23,525 - INFO - [MainThread] - Đang kiểm tra key live...
2025-10-08 11:42:24,311 - INFO - [MainThread] - ✅ Key live - Cho phép chạy chương trình.
2025-10-08 11:42:24,334 - INFO - [MainThread] - Đã tải 5 tài khoản và 1 proxy
2025-10-08 11:42:24,336 - INFO - [MainThread] - Đã dọn dẹp dữ liệu người dùng thành công.
2025-10-08 11:42:28,916 - ERROR - [MainThread] - Lỗi trong hàm main: TypeError('cleanup_drivers() takes 0 positional arguments but 2 were given')
2025-10-08 11:42:28,918 - WARNING - [MainThread] - Đang dọn dẹp drivers...
2025-10-08 11:42:28,919 - WARNING - [MainThread] - Đang dọn dẹp drivers...
2025-10-08 14:03:05,576 - INFO - [MainThread] - Đang kiểm tra key live...
2025-10-08 14:03:06,453 - INFO - [MainThread] - ✅ Key live - Cho phép chạy chương trình.
2025-10-08 14:03:06,453 - INFO - [MainThread] - Đã tải 5 tài khoản và 1 proxy
2025-10-08 14:03:11,577 - INFO - [Luồng-1] - Bắt đầu kiểm tra tài khoản: ggg30612@yahoo.co.jp
2025-10-08 14:41:18,820 - INFO - [MainThread] - Đang kiểm tra key live...
2025-10-08 14:41:19,602 - INFO - [MainThread] - ✅ Key live - Cho phép chạy chương trình.
2025-10-08 14:41:19,602 - INFO - [MainThread] - Đã tải 3 tài khoản và 1 proxy
2025-10-08 14:41:19,602 - INFO - [MainThread] - Đã dọn dẹp dữ liệu người dùng thành công.
2025-10-08 14:42:13,242 - INFO - [Luồng-1] - Bắt đầu kiểm tra tài khoản: kuma28tk@yahoo.co.jp
2025-10-08 14:42:16,009 - INFO - [Luồng-2] - Bắt đầu kiểm tra tài khoản: mao_2514220332@yahoo.co.jp
2025-10-08 14:42:56,376 - WARNING - [Luồng-1] - Đăng nhập thất bại cho kuma28tk@yahoo.co.jp: Acc Die
2025-10-08 14:42:56,378 - INFO - [Luồng-1] - Hoàn tất xử lý tài khoản: kuma28tk@yahoo.co.jp
2025-10-08 14:42:58,380 - INFO - [Luồng-1] - Bắt đầu kiểm tra tài khoản: sdulzuykei723@yahoo.co.jp
2025-10-08 14:44:05,449 - INFO - [Luồng-2] - ✅ mao_2514220332@yahoo.co.jp - (Total Point: 111 | Operation: 111)
2025-10-08 14:44:05,451 - INFO - [Luồng-2] - Hoàn tất xử lý tài khoản: mao_2514220332@yahoo.co.jp
2025-10-08 14:44:31,068 - INFO - [Luồng-1] - ✅ sdulzuykei723@yahoo.co.jp - (Total Point: 148 | Operation: 0 | Add: 148)
2025-10-08 14:44:31,084 - INFO - [Luồng-1] - Hoàn tất xử lý tài khoản: sdulzuykei723@yahoo.co.jp
2025-10-08 14:44:31,437 - INFO - [MainThread] - Đã xử lý xong tất cả tài khoản.
2025-10-08 14:44:31,437 - INFO - [MainThread] - ✅ Đăng ký thành công: 2
2025-10-08 14:44:31,438 - INFO - [MainThread] - ❌ Đăng ký thất bại: 1
2025-10-08 14:44:31,634 - INFO - [MainThread] - Đã dọn dẹp dữ liệu người dùng thành công.
2025-10-08 14:44:31,634 - INFO - [MainThread] - Chương trình hoàn tất. Thoát sau 5 giây...
2025-10-08 14:44:36,638 - WARNING - [MainThread] - Đang dọn dẹp drivers...
2025-10-08 14:44:36,638 - WARNING - [MainThread] - Đang dọn dẹp drivers...
2025-10-08 14:48:26,088 - INFO - [MainThread] - Đang kiểm tra key live...
2025-10-08 14:48:26,741 - INFO - [MainThread] - ✅ Key live - Cho phép chạy chương trình.
2025-10-08 14:48:26,741 - INFO - [MainThread] - Đã tải 3 tài khoản và 1 proxy
2025-10-08 14:49:28,189 - INFO - [Luồng-1] - Bắt đầu kiểm tra tài khoản: kuma28tk@yahoo.co.jp
2025-10-08 14:51:07,631 - INFO - [Luồng-1] - ✅ kuma28tk@yahoo.co.jp - (Total Point: 0 | Operation: 0)
2025-10-08 14:51:07,631 - INFO - [Luồng-1] - Hoàn tất xử lý tài khoản: kuma28tk@yahoo.co.jp
2025-10-08 14:52:06,407 - INFO - [Luồng-1] - Bắt đầu kiểm tra tài khoản: mao_2514220332@yahoo.co.jp
2025-10-08 14:53:37,023 - INFO - [Luồng-1] - ✅ mao_2514220332@yahoo.co.jp - (Total Point: 111 | Operation: 111)
2025-10-08 14:53:37,023 - INFO - [Luồng-1] - Hoàn tất xử lý tài khoản: mao_2514220332@yahoo.co.jp
2025-10-08 14:54:31,936 - INFO - [Luồng-1] - Bắt đầu kiểm tra tài khoản: sdulzuykei723@yahoo.co.jp
2025-10-08 14:56:01,093 - INFO - [Luồng-1] - ✅ sdulzuykei723@yahoo.co.jp - (Total Point: 148 | Operation: 0 | Add: 148)
2025-10-08 14:56:01,108 - INFO - [Luồng-1] - Hoàn tất xử lý tài khoản: sdulzuykei723@yahoo.co.jp
2025-10-08 14:56:01,424 - INFO - [MainThread] - Đã xử lý xong tất cả tài khoản.
2025-10-08 14:56:01,425 - INFO - [MainThread] - ✅ Đăng ký thành công: 3
2025-10-08 14:56:01,425 - INFO - [MainThread] - ❌ Đăng ký thất bại: 0
2025-10-08 14:56:01,588 - INFO - [MainThread] - Đã dọn dẹp dữ liệu người dùng thành công.
2025-10-08 14:56:01,588 - INFO - [MainThread] - Chương trình hoàn tất. Thoát sau 5 giây...
2025-10-08 14:56:06,595 - WARNING - [MainThread] - Đang dọn dẹp drivers...
2025-10-08 14:56:06,596 - WARNING - [MainThread] - Đang dọn dẹp drivers...
2025-10-08 14:59:35,818 - INFO - [MainThread] - Đang kiểm tra key live...
2025-10-08 14:59:36,484 - INFO - [MainThread] - ✅ Key live - Cho phép chạy chương trình.
2025-10-08 14:59:36,487 - INFO - [MainThread] - Đã tải 3 tài khoản và 1 proxy
2025-10-08 15:00:35,703 - INFO - [Luồng-1] - Bắt đầu kiểm tra tài khoản: kuma28tk@yahoo.co.jp
2025-10-08 15:00:37,571 - INFO - [Luồng-2] - Bắt đầu kiểm tra tài khoản: mao_2514220332@yahoo.co.jp
2025-10-08 15:02:14,090 - INFO - [Luồng-1] - ✅ kuma28tk@yahoo.co.jp - (Total Point: 0 | Operation: 0)
2025-10-08 15:02:14,094 - INFO - [Luồng-1] - Hoàn tất xử lý tài khoản: kuma28tk@yahoo.co.jp
2025-10-08 15:02:15,434 - INFO - [Luồng-1] - Bắt đầu kiểm tra tài khoản: sdulzuykei723@yahoo.co.jp
2025-10-08 15:02:51,987 - INFO - [Luồng-2] - ✅ mao_2514220332@yahoo.co.jp - (Total Point: 111 | Operation: 111)
2025-10-08 15:02:51,998 - INFO - [Luồng-2] - Hoàn tất xử lý tài khoản: mao_2514220332@yahoo.co.jp
2025-10-08 15:03:49,498 - INFO - [Luồng-1] - ✅ sdulzuykei723@yahoo.co.jp - (Total Point: 148 | Operation: 0 | Add: 148)
2025-10-08 15:03:49,513 - INFO - [Luồng-1] - Hoàn tất xử lý tài khoản: sdulzuykei723@yahoo.co.jp
2025-10-08 15:03:49,753 - INFO - [MainThread] - Đã xử lý xong tất cả tài khoản.
2025-10-08 15:03:49,753 - INFO - [MainThread] - ✅ Đăng ký thành công: 3
2025-10-08 15:03:49,753 - INFO - [MainThread] - ❌ Đăng ký thất bại: 0
2025-10-08 15:03:49,840 - INFO - [MainThread] - Đã dọn dẹp dữ liệu người dùng thành công.
2025-10-08 15:03:49,841 - INFO - [MainThread] - Chương trình hoàn tất. Thoát sau 5 giây...
2025-10-08 15:03:54,842 - WARNING - [MainThread] - Đang dọn dẹp drivers...
2025-10-08 15:03:54,842 - WARNING - [MainThread] - Đang dọn dẹp drivers...
2025-10-08 15:39:48,423 - INFO - [MainThread] - Đang kiểm tra key live...
2025-10-08 15:39:49,076 - INFO - [MainThread] - ✅ Key live - Cho phép chạy chương trình.
2025-10-08 15:39:49,077 - INFO - [MainThread] - Đã tải 3 tài khoản và 1 proxy
2025-10-08 15:40:48,916 - INFO - [Luồng-1] - Bắt đầu kiểm tra tài khoản: kuma28tk@yahoo.co.jp
2025-10-08 15:41:09,125 - ERROR - [Luồng-1] - ❌ Lỗi trong quá trình kiểm tra cho kuma28tk@yahoo.co.jp: TypeError('_enter_password() takes 2 positional arguments but 3 were given')
2025-10-08 15:41:09,126 - WARNING - [Luồng-1] - Đăng nhập thất bại cho kuma28tk@yahoo.co.jp: Acc Die
2025-10-08 15:41:09,132 - INFO - [Luồng-1] - Hoàn tất xử lý tài khoản: kuma28tk@yahoo.co.jp
2025-10-08 15:42:13,302 - INFO - [MainThread] - Đang kiểm tra key live...
2025-10-08 15:42:13,912 - INFO - [MainThread] - ✅ Key live - Cho phép chạy chương trình.
2025-10-08 15:42:13,917 - INFO - [MainThread] - Đã tải 2 tài khoản và 1 proxy
2025-10-08 15:42:13,934 - INFO - [MainThread] - Đã dọn dẹp dữ liệu người dùng thành công.
2025-10-08 15:43:20,500 - INFO - [Luồng-1] - Bắt đầu kiểm tra tài khoản: mao_2514220332@yahoo.co.jp
2025-10-08 15:45:05,924 - INFO - [Luồng-1] - ✅ mao_2514220332@yahoo.co.jp - (Total Point: 111 | Operation: 111)
2025-10-08 15:45:05,924 - INFO - [Luồng-1] - Hoàn tất xử lý tài khoản: mao_2514220332@yahoo.co.jp
2025-10-08 15:45:57,934 - INFO - [Luồng-1] - Bắt đầu kiểm tra tài khoản: sdulzuykei723@yahoo.co.jp
2025-10-08 15:47:24,768 - INFO - [Luồng-1] - ✅ sdulzuykei723@yahoo.co.jp - (Total Point: 148 | Operation: 0 | Add: 148)
2025-10-08 15:47:24,772 - INFO - [Luồng-1] - Hoàn tất xử lý tài khoản: sdulzuykei723@yahoo.co.jp
2025-10-08 15:47:25,264 - INFO - [MainThread] - Đã xử lý xong tất cả tài khoản.
2025-10-08 15:47:25,264 - INFO - [MainThread] - ✅ Đăng ký thành công: 2
2025-10-08 15:47:25,265 - INFO - [MainThread] - ❌ Đăng ký thất bại: 0
2025-10-08 15:47:25,438 - INFO - [MainThread] - Đã dọn dẹp dữ liệu người dùng thành công.
2025-10-08 15:47:25,440 - INFO - [MainThread] - Chương trình hoàn tất. Thoát sau 5 giây...
2025-10-08 15:47:30,441 - WARNING - [MainThread] - Đang dọn dẹp drivers...
2025-10-08 15:47:30,442 - WARNING - [MainThread] - Đang dọn dẹp drivers...
2025-10-08 15:48:58,202 - INFO - [MainThread] - Đang kiểm tra key live...
2025-10-08 15:48:58,831 - INFO - [MainThread] - ✅ Key live - Cho phép chạy chương trình.
2025-10-08 15:48:58,832 - INFO - [MainThread] - Đã tải 2 tài khoản và 1 proxy
2025-10-08 15:50:31,741 - INFO - [Luồng-1] - Bắt đầu kiểm tra tài khoản: kuma28tk@yahoo.co.jp
2025-10-08 15:52:19,273 - INFO - [Luồng-1] - ✅ kuma28tk@yahoo.co.jp - (Total Point: 0 | Operation: 0)
2025-10-08 15:52:19,275 - INFO - [Luồng-1] - Hoàn tất xử lý tài khoản: kuma28tk@yahoo.co.jp
2025-10-08 15:55:31,115 - INFO - [MainThread] - Đang kiểm tra key live...
2025-10-08 15:55:31,821 - INFO - [MainThread] - ✅ Key live - Cho phép chạy chương trình.
2025-10-08 15:55:31,823 - INFO - [MainThread] - Đã tải 1 tài khoản và 1 proxy
2025-10-08 15:55:31,853 - INFO - [MainThread] - Đã dọn dẹp dữ liệu người dùng thành công.
2025-10-08 15:55:44,008 - INFO - [MainThread] - Đang kiểm tra key live...
2025-10-08 15:55:44,529 - INFO - [MainThread] - ✅ Key live - Cho phép chạy chương trình.
2025-10-08 15:55:44,532 - INFO - [MainThread] - Đã tải 1 tài khoản và 1 proxy
2025-10-08 15:56:35,341 - WARNING - [Luồng-1] - Lỗi khi cài đặt proxy: Message: unknown error: net::ERR_PROXY_CONNECTION_FAILED
  (Session info: chrome=140.0.7339.210)
Stacktrace:
	GetHandleVerifier [0x0x5fc333+65459]
	GetHandleVerifier [0x0x5fc374+65524]
	(No symbol) [0x0x41d973]
	(No symbol) [0x0x41afe4]
	(No symbol) [0x0x40e3e2]
	(No symbol) [0x0x40fe55]
	(No symbol) [0x0x40e678]
	(No symbol) [0x0x40e1ac]
	(No symbol) [0x0x40deba]
	(No symbol) [0x0x40bdc0]
	(No symbol) [0x0x40c76b]
	(No symbol) [0x0x4214ee]
	(No symbol) [0x0x4ac207]
	(No symbol) [0x0x489dfc]
	(No symbol) [0x0x4ab606]
	(No symbol) [0x0x489bf6]
	(No symbol) [0x0x45b38e]
	(No symbol) [0x0x45c274]
	GetHandleVerifier [0x0x87eda3+2697763]
	GetHandleVerifier [0x0x879ec7+2677575]
	GetHandleVerifier [0x0x624194+228884]
	GetHandleVerifier [0x0x6149f8+165496]
	GetHandleVerifier [0x0x61b18d+192013]
	GetHandleVerifier [0x0x6047d8+99416]
	GetHandleVerifier [0x0x604972+99826]
	GetHandleVerifier [0x0x5eebea+10346]
	BaseThreadInitThunk [0x0x75f7fcc9+25]
	RtlGetAppContainerNamedObjectPath [0x0x7778809e+286]
	RtlGetAppContainerNamedObjectPath [0x0x7778806e+238]

2025-10-08 15:56:35,342 - INFO - [Luồng-1] - Bắt đầu kiểm tra tài khoản: mao_2514220332@yahoo.co.jp
2025-10-08 15:56:35,473 - ERROR - [Luồng-1] - ❌ Lỗi trong quá trình kiểm tra cho mao_2514220332@yahoo.co.jp: WebDriverException()
2025-10-08 15:56:35,474 - WARNING - [Luồng-1] - Đăng nhập thất bại cho mao_2514220332@yahoo.co.jp: Acc Die
2025-10-08 15:56:35,474 - INFO - [Luồng-1] - Hoàn tất xử lý tài khoản: mao_2514220332@yahoo.co.jp
2025-10-08 15:56:35,552 - INFO - [MainThread] - Đã xử lý xong tất cả tài khoản.
2025-10-08 15:56:35,552 - INFO - [MainThread] - ✅ Đăng ký thành công: 0
2025-10-08 15:56:35,552 - INFO - [MainThread] - ❌ Đăng ký thất bại: 1
2025-10-08 15:56:36,566 - INFO - [MainThread] - Đã dọn dẹp dữ liệu người dùng thành công.
2025-10-08 15:56:36,567 - INFO - [MainThread] - Chương trình hoàn tất. Thoát sau 5 giây...
2025-10-08 15:56:38,046 - INFO - [MainThread] - Nhận tín hiệu dừng. Đang dọn dẹp...
2025-10-08 15:56:38,046 - WARNING - [MainThread] - Đang dọn dẹp drivers...
2025-10-08 15:56:38,046 - INFO - [MainThread] - Dọn dẹp hoàn tất. Thoát...
2025-10-08 15:56:38,047 - WARNING - [MainThread] - Đang dọn dẹp drivers...
2025-10-08 15:56:38,048 - WARNING - [MainThread] - Đang dọn dẹp drivers...
2025-10-08 15:59:02,115 - INFO - [MainThread] - Đang kiểm tra key live...
2025-10-08 15:59:02,585 - INFO - [MainThread] - ✅ Key live - Cho phép chạy chương trình.
2025-10-08 15:59:02,598 - INFO - [MainThread] - Đã tải 5 tài khoản và 1 proxy
2025-10-08 16:00:00,654 - INFO - [Luồng-1] - Bắt đầu kiểm tra tài khoản: kuma28tk@yahoo.co.jp
2025-10-08 16:00:01,331 - INFO - [Luồng-2] - Bắt đầu kiểm tra tài khoản: mao_2514220332@yahoo.co.jp
2025-10-08 16:00:02,223 - INFO - [Luồng-3] - Bắt đầu kiểm tra tài khoản: kango_n@yahoo.co.jp
2025-10-08 16:01:36,161 - INFO - [Luồng-3] - ✅ kango_n@yahoo.co.jp - (Total Point: 11,247 | Operation: 9,445 | Add: 1,802)
2025-10-08 16:01:36,164 - INFO - [Luồng-3] - Hoàn tất xử lý tài khoản: kango_n@yahoo.co.jp
2025-10-08 16:01:36,946 - INFO - [Luồng-3] - Bắt đầu kiểm tra tài khoản: dakutosg@yahoo.co.jp
2025-10-08 16:01:48,320 - INFO - [Luồng-1] - ✅ kuma28tk@yahoo.co.jp - (Total Point: 0 | Operation: 0)
2025-10-08 16:01:48,341 - INFO - [Luồng-1] - Hoàn tất xử lý tài khoản: kuma28tk@yahoo.co.jp
2025-10-08 16:01:49,523 - INFO - [Luồng-2] - ✅ mao_2514220332@yahoo.co.jp - (Total Point: 111 | Operation: 111)
2025-10-08 16:01:49,541 - INFO - [Luồng-2] - Hoàn tất xử lý tài khoản: mao_2514220332@yahoo.co.jp
2025-10-08 16:01:50,678 - INFO - [Luồng-1] - Bắt đầu kiểm tra tài khoản: tmyu417@yahoo.co.jp
2025-10-08 16:02:01,933 - WARNING - [Luồng-1] - Đăng nhập thất bại cho tmyu417@yahoo.co.jp: Acc Die
2025-10-08 16:02:01,939 - INFO - [Luồng-1] - Hoàn tất xử lý tài khoản: tmyu417@yahoo.co.jp
2025-10-08 16:02:57,634 - INFO - [MainThread] - Đang kiểm tra key live...
2025-10-08 16:02:58,303 - INFO - [MainThread] - ✅ Key live - Cho phép chạy chương trình.
2025-10-08 16:02:58,303 - INFO - [MainThread] - Đã tải 3 tài khoản và 1 proxy
2025-10-08 16:03:44,092 - INFO - [Luồng-1] - Bắt đầu kiểm tra tài khoản: mao_2514220332@yahoo.co.jp
2025-10-08 16:04:44,737 - ERROR - [Luồng-1] - ❌ Lỗi trong quá trình kiểm tra cho mao_2514220332@yahoo.co.jp: ProtocolError('Connection aborted.', ConnectionResetError(10054, 'An existing connection was forcibly closed by the remote host', None, 10054, None))
2025-10-08 16:04:44,740 - WARNING - [Luồng-1] - Đăng nhập thất bại cho mao_2514220332@yahoo.co.jp: Acc Die
2025-10-08 16:18:53,665 - INFO - [MainThread] - Đang kiểm tra key live...
2025-10-08 16:18:54,329 - INFO - [MainThread] - ✅ Key live - Cho phép chạy chương trình.
2025-10-08 16:18:54,332 - INFO - [MainThread] - Đã tải 2 tài khoản và 1 proxy
2025-10-08 16:20:35,420 - ERROR - [Luồng-1] - Lỗi trong worker thread: SessionNotCreatedException()
2025-10-08 16:22:20,483 - ERROR - [Luồng-1] - Lỗi trong worker thread: SessionNotCreatedException()
2025-10-08 16:22:20,485 - INFO - [MainThread] - Đã xử lý xong tất cả tài khoản.
2025-10-08 16:22:20,485 - INFO - [MainThread] - ✅ Đăng ký thành công: 0
2025-10-08 16:22:20,486 - INFO - [MainThread] - ❌ Đăng ký thất bại: 0
2025-10-08 16:22:25,498 - INFO - [MainThread] - Chương trình hoàn tất. Thoát sau 5 giây...
2025-10-08 16:22:30,500 - WARNING - [MainThread] - Đang dọn dẹp drivers...
2025-10-08 16:22:30,503 - WARNING - [MainThread] - Đang dọn dẹp drivers...
2025-10-08 16:26:12,818 - INFO - [MainThread] - Đang kiểm tra key live...
2025-10-08 16:26:13,533 - INFO - [MainThread] - ✅ Key live - Cho phép chạy chương trình.
2025-10-08 16:26:13,535 - ERROR - [MainThread] - Không tìm thấy tài khoản hợp lệ trong accounts.txt
2025-10-08 16:26:13,536 - ERROR - [MainThread] - Lỗi khi tải file đầu vào: ValueError('Không có tài khoản để xử lý')
2025-10-08 16:26:13,536 - ERROR - [MainThread] - Lỗi trong hàm main: ValueError('Không có tài khoản để xử lý')
2025-10-08 16:26:13,537 - WARNING - [MainThread] - Đang dọn dẹp drivers...
2025-10-08 16:26:13,538 - WARNING - [MainThread] - Đang dọn dẹp drivers...
2025-10-08 16:26:20,772 - INFO - [MainThread] - Đang kiểm tra key live...
2025-10-08 16:26:21,361 - INFO - [MainThread] - ✅ Key live - Cho phép chạy chương trình.
2025-10-08 16:26:21,365 - INFO - [MainThread] - Đã tải 5 tài khoản và 1 proxy
2025-10-08 16:27:22,645 - INFO - [Luồng-1] - Bắt đầu kiểm tra tài khoản: kuma28tk@yahoo.co.jp
2025-10-08 16:29:59,115 - INFO - [MainThread] - Đang kiểm tra key live...
2025-10-08 16:29:59,582 - INFO - [MainThread] - ✅ Key live - Cho phép chạy chương trình.
2025-10-08 16:29:59,586 - INFO - [MainThread] - Đã tải 5 tài khoản và 1 proxy
2025-10-08 16:31:42,627 - ERROR - [Luồng-1] - Lỗi trong worker thread: SessionNotCreatedException()
2025-10-08 16:35:58,179 - INFO - [MainThread] - Đang kiểm tra key live...
2025-10-08 16:35:58,816 - INFO - [MainThread] - ✅ Key live - Cho phép chạy chương trình.
2025-10-08 16:35:58,823 - INFO - [MainThread] - Đã tải 5 tài khoản và 1 proxy
2025-10-08 16:36:41,959 - ERROR - [Luồng-1] - Lỗi trong worker thread: NameError("name 'test_proxy_with_curl' is not defined")
2025-10-08 16:36:42,550 - ERROR - [Luồng-1] - Lỗi trong worker thread: NameError("name 'test_proxy_with_curl' is not defined")
2025-10-08 16:36:43,145 - ERROR - [Luồng-1] - Lỗi trong worker thread: NameError("name 'test_proxy_with_curl' is not defined")
2025-10-08 16:36:43,892 - ERROR - [Luồng-1] - Lỗi trong worker thread: NameError("name 'test_proxy_with_curl' is not defined")
2025-10-08 16:36:44,827 - ERROR - [Luồng-1] - Lỗi trong worker thread: NameError("name 'test_proxy_with_curl' is not defined")
2025-10-08 16:36:44,827 - INFO - [MainThread] - Đã xử lý xong tất cả tài khoản.
2025-10-08 16:36:44,828 - INFO - [MainThread] - ✅ Đăng ký thành công: 0
2025-10-08 16:36:44,828 - INFO - [MainThread] - ❌ Đăng ký thất bại: 0
2025-10-08 16:36:49,843 - INFO - [MainThread] - Chương trình hoàn tất. Thoát sau 5 giây...
2025-10-08 16:36:54,844 - WARNING - [MainThread] - Đang dọn dẹp drivers...
2025-10-08 16:36:54,846 - WARNING - [MainThread] - Đang dọn dẹp drivers...
2025-10-08 16:37:05,067 - INFO - [MainThread] - Đang kiểm tra key live...
2025-10-08 16:37:05,503 - INFO - [MainThread] - ✅ Key live - Cho phép chạy chương trình.
2025-10-08 16:37:05,505 - INFO - [MainThread] - Đã tải 5 tài khoản và 1 proxy
2025-10-08 16:37:05,894 - INFO - [MainThread] - Đã dọn dẹp dữ liệu người dùng thành công.
2025-10-08 16:37:53,452 - INFO - [Luồng-1] - Bắt đầu kiểm tra tài khoản: kuma28tk@yahoo.co.jp
2025-10-08 16:39:33,228 - INFO - [Luồng-1] - ✅ kuma28tk@yahoo.co.jp - (Total Point: 0 | Operation: 0)
2025-10-08 16:39:33,246 - INFO - [Luồng-1] - Hoàn tất xử lý tài khoản: kuma28tk@yahoo.co.jp
